<?xml version="1.0" encoding="UTF-8"?>
<testsuites>
  <testsuite name="" tests="22" assertions="83" errors="0" warnings="0" failures="0" skipped="0" time="0.010527">
    <testsuite name="Unit" tests="13" assertions="42" errors="0" warnings="0" failures="0" skipped="0" time="0.006464">
      <testsuite name="Tests\Unit\Application\UseCases\AtualizarClienteUseCaseTest" file="/var/www/tests/Unit/Application/UseCases/AtualizarClienteUseCaseTest.php" tests="3" assertions="9" errors="0" warnings="0" failures="0" skipped="0" time="0.005222">
        <testcase name="testExecuteComClienteExistente" class="Tests\Unit\Application\UseCases\AtualizarClienteUseCaseTest" classname="Tests.Unit.Application.UseCases.AtualizarClienteUseCaseTest" file="/var/www/tests/Unit/Application/UseCases/AtualizarClienteUseCaseTest.php" line="14" assertions="5" time="0.005038"/>
        <testcase name="testExecuteComFalhaAoAtualizar" class="Tests\Unit\Application\UseCases\AtualizarClienteUseCaseTest" classname="Tests.Unit.Application.UseCases.AtualizarClienteUseCaseTest" file="/var/www/tests/Unit/Application/UseCases/AtualizarClienteUseCaseTest.php" line="53" assertions="2" time="0.000140"/>
        <testcase name="testExecuteComClienteInexistente" class="Tests\Unit\Application\UseCases\AtualizarClienteUseCaseTest" classname="Tests.Unit.Application.UseCases.AtualizarClienteUseCaseTest" file="/var/www/tests/Unit/Application/UseCases/AtualizarClienteUseCaseTest.php" line="38" assertions="2" time="0.000044"/>
      </testsuite>
      <testsuite name="Tests\Unit\Application\UseCases\CriarClienteUseCaseTest" file="/var/www/tests/Unit/Application/UseCases/CriarClienteUseCaseTest.php" tests="1" assertions="6" errors="0" warnings="0" failures="0" skipped="0" time="0.000572">
        <testcase name="testExecute" class="Tests\Unit\Application\UseCases\CriarClienteUseCaseTest" classname="Tests.Unit.Application.UseCases.CriarClienteUseCaseTest" file="/var/www/tests/Unit/Application/UseCases/CriarClienteUseCaseTest.php" line="14" assertions="6" time="0.000572"/>
      </testsuite>
      <testsuite name="Tests\Unit\Application\UseCases\ExcluirClienteUseCaseTest" file="/var/www/tests/Unit/Application/UseCases/ExcluirClienteUseCaseTest.php" tests="2" assertions="4" errors="0" warnings="0" failures="0" skipped="0" time="0.000208">
        <testcase name="testExecuteComSucesso" class="Tests\Unit\Application\UseCases\ExcluirClienteUseCaseTest" classname="Tests.Unit.Application.UseCases.ExcluirClienteUseCaseTest" file="/var/www/tests/Unit/Application/UseCases/ExcluirClienteUseCaseTest.php" line="11" assertions="2" time="0.000118"/>
        <testcase name="testExecuteComFalha" class="Tests\Unit\Application\UseCases\ExcluirClienteUseCaseTest" classname="Tests.Unit.Application.UseCases.ExcluirClienteUseCaseTest" file="/var/www/tests/Unit/Application/UseCases/ExcluirClienteUseCaseTest.php" line="25" assertions="2" time="0.000090"/>
      </testsuite>
      <testsuite name="Tests\Unit\Application\UseCases\ListarClientesUseCaseTest" file="/var/www/tests/Unit/Application/UseCases/ListarClientesUseCaseTest.php" tests="1" assertions="7" errors="0" warnings="0" failures="0" skipped="0" time="0.000265">
        <testcase name="testExecute" class="Tests\Unit\Application\UseCases\ListarClientesUseCaseTest" classname="Tests.Unit.Application.UseCases.ListarClientesUseCaseTest" file="/var/www/tests/Unit/Application/UseCases/ListarClientesUseCaseTest.php" line="13" assertions="7" time="0.000265"/>
      </testsuite>
      <testsuite name="Tests\Unit\Application\UseCases\ObterClienteUseCaseTest" file="/var/www/tests/Unit/Application/UseCases/ObterClienteUseCaseTest.php" tests="2" assertions="6" errors="0" warnings="0" failures="0" skipped="0" time="0.000131">
        <testcase name="testExecuteComClienteExistente" class="Tests\Unit\Application\UseCases\ObterClienteUseCaseTest" classname="Tests.Unit.Application.UseCases.ObterClienteUseCaseTest" file="/var/www/tests/Unit/Application/UseCases/ObterClienteUseCaseTest.php" line="13" assertions="4" time="0.000090"/>
        <testcase name="testExecuteComClienteInexistente" class="Tests\Unit\Application\UseCases\ObterClienteUseCaseTest" classname="Tests.Unit.Application.UseCases.ObterClienteUseCaseTest" file="/var/www/tests/Unit/Application/UseCases/ObterClienteUseCaseTest.php" line="32" assertions="2" time="0.000041"/>
      </testsuite>
      <testsuite name="Tests\Unit\Domain\Entities\ClienteTest" file="/var/www/tests/Unit/Domain/Entities/ClienteTest.php" tests="4" assertions="10" errors="0" warnings="0" failures="0" skipped="0" time="0.000066">
        <testcase name="testCriacaoCliente" class="Tests\Unit\Domain\Entities\ClienteTest" classname="Tests.Unit.Domain.Entities.ClienteTest" file="/var/www/tests/Unit/Domain/Entities/ClienteTest.php" line="10" assertions="3" time="0.000016"/>
        <testcase name="testClienteComCamposNulos" class="Tests\Unit\Domain\Entities\ClienteTest" classname="Tests.Unit.Domain.Entities.ClienteTest" file="/var/www/tests/Unit/Domain/Entities/ClienteTest.php" line="19" assertions="3" time="0.000017"/>
        <testcase name="testSettersCliente" class="Tests\Unit\Domain\Entities\ClienteTest" classname="Tests.Unit.Domain.Entities.ClienteTest" file="/var/www/tests/Unit/Domain/Entities/ClienteTest.php" line="28" assertions="3" time="0.000016"/>
        <testcase name="testToArray" class="Tests\Unit\Domain\Entities\ClienteTest" classname="Tests.Unit.Domain.Entities.ClienteTest" file="/var/www/tests/Unit/Domain/Entities/ClienteTest.php" line="41" assertions="1" time="0.000017"/>
      </testsuite>
    </testsuite>
    <testsuite name="Integration" tests="9" assertions="41" errors="0" warnings="0" failures="0" skipped="0" time="0.004063">
      <testsuite name="Tests\Integration\Infrastructure\API\Controllers\ClienteControllerTest" file="/var/www/tests/Integration/Infrastructure/API/Controllers/ClienteControllerTest.php" tests="5" assertions="31" errors="0" warnings="0" failures="0" skipped="0" time="0.002883">
        <testcase name="testCriar" class="Tests\Integration\Infrastructure\API\Controllers\ClienteControllerTest" classname="Tests.Integration.Infrastructure.API.Controllers.ClienteControllerTest" file="/var/www/tests/Integration/Infrastructure/API/Controllers/ClienteControllerTest.php" line="43" assertions="8" time="0.002538"/>
        <testcase name="testObter" class="Tests\Integration\Infrastructure\API\Controllers\ClienteControllerTest" classname="Tests.Integration.Infrastructure.API.Controllers.ClienteControllerTest" file="/var/www/tests/Integration/Infrastructure/API/Controllers/ClienteControllerTest.php" line="95" assertions="6" time="0.000101"/>
        <testcase name="testAtualizar" class="Tests\Integration\Infrastructure\API\Controllers\ClienteControllerTest" classname="Tests.Integration.Infrastructure.API.Controllers.ClienteControllerTest" file="/var/www/tests/Integration/Infrastructure/API/Controllers/ClienteControllerTest.php" line="116" assertions="7" time="0.000085"/>
        <testcase name="testExcluir" class="Tests\Integration\Infrastructure\API\Controllers\ClienteControllerTest" classname="Tests.Integration.Infrastructure.API.Controllers.ClienteControllerTest" file="/var/www/tests/Integration/Infrastructure/API/Controllers/ClienteControllerTest.php" line="142" assertions="3" time="0.000072"/>
        <testcase name="testListar" class="Tests\Integration\Infrastructure\API\Controllers\ClienteControllerTest" classname="Tests.Integration.Infrastructure.API.Controllers.ClienteControllerTest" file="/var/www/tests/Integration/Infrastructure/API/Controllers/ClienteControllerTest.php" line="71" assertions="7" time="0.000087"/>
      </testsuite>
      <testsuite name="Tests\Integration\Infrastructure\Persistence\ClienteRepositoryTest" file="/var/www/tests/Integration/Infrastructure/Persistence/ClienteRepositoryTest.php" tests="4" assertions="10" errors="0" warnings="0" failures="0" skipped="0" time="0.001180">
        <testcase name="testSaveAndFindById" class="Tests\Integration\Infrastructure\Persistence\ClienteRepositoryTest" classname="Tests.Integration.Infrastructure.Persistence.ClienteRepositoryTest" file="/var/www/tests/Integration/Infrastructure/Persistence/ClienteRepositoryTest.php" line="28" assertions="6" time="0.000674"/>
        <testcase name="testUpdate" class="Tests\Integration\Infrastructure\Persistence\ClienteRepositoryTest" classname="Tests.Integration.Infrastructure.Persistence.ClienteRepositoryTest" file="/var/www/tests/Integration/Infrastructure/Persistence/ClienteRepositoryTest.php" line="55" assertions="1" time="0.000170"/>
        <testcase name="testDelete" class="Tests\Integration\Infrastructure\Persistence\ClienteRepositoryTest" classname="Tests.Integration.Infrastructure.Persistence.ClienteRepositoryTest" file="/var/www/tests/Integration/Infrastructure/Persistence/ClienteRepositoryTest.php" line="67" assertions="2" time="0.000173"/>
        <testcase name="testFindAll" class="Tests\Integration\Infrastructure\Persistence\ClienteRepositoryTest" classname="Tests.Integration.Infrastructure.Persistence.ClienteRepositoryTest" file="/var/www/tests/Integration/Infrastructure/Persistence/ClienteRepositoryTest.php" line="43" assertions="1" time="0.000164"/>
      </testsuite>
    </testsuite>
  </testsuite>
</testsuites>
